{
  "0 debug pnpm:scope": {
    "selected": 1
  },
  "1 error pnpm": {
    "code": "ELIFECYCLE",
    "errno": "ENOENT",
    "syscall": "spawn",
    "file": "sh",
    "pkgid": "svelte@0.0.0",
    "stage": "dev",
    "script": "vite",
    "pkgname": "svelte",
    "err": {
      "name": "Error",
      "message": "svelte@0.0.0 dev: `vite`\nspawn ENOENT",
      "code": "ELIFECYCLE",
      "stack": "Error: svelte@0.0.0 dev: `vite`\nspawn ENOENT\n    at ChildProcess.<anonymous> (/home/trainingmontage/.nvm/versions/node/v15.6.0/pnpm-global/5/node_modules/.pnpm/pnpm@6.2.2/node_modules/pnpm/dist/pnpm.cjs:91370:20)\n    at ChildProcess.emit (node:events:379:20)\n    at maybeClose (node:internal/child_process:1065:16)\n    at Process.ChildProcess._handle.onexit (node:internal/child_process:296:5)"
    }
  }
}